Determining if the pthread_create exist failed with the following output:
Change Dir: /home/zzl/RL/gym-gazebo/gym_gazebo/envs/installation/gym_ws/build/CMakeFiles/CMakeTmp

Run Build Command:"/usr/bin/make" "cmTC_17efe/fast"
/usr/bin/make -f CMakeFiles/cmTC_17efe.dir/build.make CMakeFiles/cmTC_17efe.dir/build
make[1]: Entering directory '/home/zzl/RL/gym-gazebo/gym_gazebo/envs/installation/gym_ws/build/CMakeFiles/CMakeTmp'
Building C object CMakeFiles/cmTC_17efe.dir/CheckSymbolExists.c.o
/usr/bin/cc     -o CMakeFiles/cmTC_17efe.dir/CheckSymbolExists.c.o   -c /home/zzl/RL/gym-gazebo/gym_gazebo/envs/installation/gym_ws/build/CMakeFiles/CMakeTmp/CheckSymbolExists.c
Linking C executable cmTC_17efe
/usr/bin/cmake -E cmake_link_script CMakeFiles/cmTC_17efe.dir/link.txt --verbose=1
/usr/bin/cc       CMakeFiles/cmTC_17efe.dir/CheckSymbolExists.c.o  -o cmTC_17efe -rdynamic 
CMakeFiles/cmTC_17efe.dir/CheckSymbolExists.c.o: In function `main':
CheckSymbolExists.c:(.text+0x16): undefined reference to `pthread_create'
collect2: error: ld returned 1 exit status
CMakeFiles/cmTC_17efe.dir/build.make:97: recipe for target 'cmTC_17efe' failed
make[1]: *** [cmTC_17efe] Error 1
make[1]: Leaving directory '/home/zzl/RL/gym-gazebo/gym_gazebo/envs/installation/gym_ws/build/CMakeFiles/CMakeTmp'
Makefile:126: recipe for target 'cmTC_17efe/fast' failed
make: *** [cmTC_17efe/fast] Error 2

File /home/zzl/RL/gym-gazebo/gym_gazebo/envs/installation/gym_ws/build/CMakeFiles/CMakeTmp/CheckSymbolExists.c:
/* */
#include <pthread.h>

int main(int argc, char** argv)
{
  (void)argv;
#ifndef pthread_create
  return ((int*)(&pthread_create))[argc];
#else
  (void)argc;
  return 0;
#endif
}

Determining if the function pthread_create exists in the pthreads failed with the following output:
Change Dir: /home/zzl/RL/gym-gazebo/gym_gazebo/envs/installation/gym_ws/build/CMakeFiles/CMakeTmp

Run Build Command:"/usr/bin/make" "cmTC_6a321/fast"
/usr/bin/make -f CMakeFiles/cmTC_6a321.dir/build.make CMakeFiles/cmTC_6a321.dir/build
make[1]: Entering directory '/home/zzl/RL/gym-gazebo/gym_gazebo/envs/installation/gym_ws/build/CMakeFiles/CMakeTmp'
Building C object CMakeFiles/cmTC_6a321.dir/CheckFunctionExists.c.o
/usr/bin/cc    -DCHECK_FUNCTION_EXISTS=pthread_create   -o CMakeFiles/cmTC_6a321.dir/CheckFunctionExists.c.o   -c /usr/share/cmake-3.5/Modules/CheckFunctionExists.c
Linking C executable cmTC_6a321
/usr/bin/cmake -E cmake_link_script CMakeFiles/cmTC_6a321.dir/link.txt --verbose=1
/usr/bin/cc   -DCHECK_FUNCTION_EXISTS=pthread_create    CMakeFiles/cmTC_6a321.dir/CheckFunctionExists.c.o  -o cmTC_6a321 -rdynamic -lpthreads 
/usr/bin/ld: cannot find -lpthreads
collect2: error: ld returned 1 exit status
CMakeFiles/cmTC_6a321.dir/build.make:97: recipe for target 'cmTC_6a321' failed
make[1]: *** [cmTC_6a321] Error 1
make[1]: Leaving directory '/home/zzl/RL/gym-gazebo/gym_gazebo/envs/installation/gym_ws/build/CMakeFiles/CMakeTmp'
Makefile:126: recipe for target 'cmTC_6a321/fast' failed
make: *** [cmTC_6a321/fast] Error 2


Determining if the include file pgm.h exists failed with the following output:
Change Dir: /home/zzl/RL/gym-gazebo/gym_gazebo/envs/installation/gym_ws/build/CMakeFiles/CMakeTmp

Run Build Command:"/usr/bin/make" "cmTC_0c438/fast"
/usr/bin/make -f CMakeFiles/cmTC_0c438.dir/build.make CMakeFiles/cmTC_0c438.dir/build
make[1]: Entering directory '/home/zzl/RL/gym-gazebo/gym_gazebo/envs/installation/gym_ws/build/CMakeFiles/CMakeTmp'
Building CXX object CMakeFiles/cmTC_0c438.dir/CheckIncludeFile.cxx.o
/usr/bin/c++      -o CMakeFiles/cmTC_0c438.dir/CheckIncludeFile.cxx.o -c /home/zzl/RL/gym-gazebo/gym_gazebo/envs/installation/gym_ws/build/CMakeFiles/CMakeTmp/CheckIncludeFile.cxx
/home/zzl/RL/gym-gazebo/gym_gazebo/envs/installation/gym_ws/build/CMakeFiles/CMakeTmp/CheckIncludeFile.cxx:1:17: fatal error: pgm.h: No such file or directory
compilation terminated.
CMakeFiles/cmTC_0c438.dir/build.make:65: recipe for target 'CMakeFiles/cmTC_0c438.dir/CheckIncludeFile.cxx.o' failed
make[1]: *** [CMakeFiles/cmTC_0c438.dir/CheckIncludeFile.cxx.o] Error 1
make[1]: Leaving directory '/home/zzl/RL/gym-gazebo/gym_gazebo/envs/installation/gym_ws/build/CMakeFiles/CMakeTmp'
Makefile:126: recipe for target 'cmTC_0c438/fast' failed
make: *** [cmTC_0c438/fast] Error 2


