Determining if the pthread_create exist failed with the following output:
Change Dir: /home/zzl/gym_ws/build/CMakeFiles/CMakeTmp

Run Build Command:"/usr/bin/make" "cmTC_9c45a/fast"
/usr/bin/make -f CMakeFiles/cmTC_9c45a.dir/build.make CMakeFiles/cmTC_9c45a.dir/build
make[1]: Entering directory '/home/zzl/gym_ws/build/CMakeFiles/CMakeTmp'
Building C object CMakeFiles/cmTC_9c45a.dir/CheckSymbolExists.c.o
/usr/bin/cc     -o CMakeFiles/cmTC_9c45a.dir/CheckSymbolExists.c.o   -c /home/zzl/gym_ws/build/CMakeFiles/CMakeTmp/CheckSymbolExists.c
Linking C executable cmTC_9c45a
/usr/bin/cmake -E cmake_link_script CMakeFiles/cmTC_9c45a.dir/link.txt --verbose=1
/usr/bin/cc       CMakeFiles/cmTC_9c45a.dir/CheckSymbolExists.c.o  -o cmTC_9c45a -rdynamic 
CMakeFiles/cmTC_9c45a.dir/CheckSymbolExists.c.o: In function `main':
CheckSymbolExists.c:(.text+0x16): undefined reference to `pthread_create'
collect2: error: ld returned 1 exit status
CMakeFiles/cmTC_9c45a.dir/build.make:97: recipe for target 'cmTC_9c45a' failed
make[1]: *** [cmTC_9c45a] Error 1
make[1]: Leaving directory '/home/zzl/gym_ws/build/CMakeFiles/CMakeTmp'
Makefile:126: recipe for target 'cmTC_9c45a/fast' failed
make: *** [cmTC_9c45a/fast] Error 2

File /home/zzl/gym_ws/build/CMakeFiles/CMakeTmp/CheckSymbolExists.c:
/* */
#include <pthread.h>

int main(int argc, char** argv)
{
  (void)argv;
#ifndef pthread_create
  return ((int*)(&pthread_create))[argc];
#else
  (void)argc;
  return 0;
#endif
}

Determining if the function pthread_create exists in the pthreads failed with the following output:
Change Dir: /home/zzl/gym_ws/build/CMakeFiles/CMakeTmp

Run Build Command:"/usr/bin/make" "cmTC_6fe39/fast"
/usr/bin/make -f CMakeFiles/cmTC_6fe39.dir/build.make CMakeFiles/cmTC_6fe39.dir/build
make[1]: Entering directory '/home/zzl/gym_ws/build/CMakeFiles/CMakeTmp'
Building C object CMakeFiles/cmTC_6fe39.dir/CheckFunctionExists.c.o
/usr/bin/cc    -DCHECK_FUNCTION_EXISTS=pthread_create   -o CMakeFiles/cmTC_6fe39.dir/CheckFunctionExists.c.o   -c /usr/share/cmake-3.5/Modules/CheckFunctionExists.c
Linking C executable cmTC_6fe39
/usr/bin/cmake -E cmake_link_script CMakeFiles/cmTC_6fe39.dir/link.txt --verbose=1
/usr/bin/cc   -DCHECK_FUNCTION_EXISTS=pthread_create    CMakeFiles/cmTC_6fe39.dir/CheckFunctionExists.c.o  -o cmTC_6fe39 -rdynamic -lpthreads 
/usr/bin/ld: cannot find -lpthreads
collect2: error: ld returned 1 exit status
CMakeFiles/cmTC_6fe39.dir/build.make:97: recipe for target 'cmTC_6fe39' failed
make[1]: *** [cmTC_6fe39] Error 1
make[1]: Leaving directory '/home/zzl/gym_ws/build/CMakeFiles/CMakeTmp'
Makefile:126: recipe for target 'cmTC_6fe39/fast' failed
make: *** [cmTC_6fe39/fast] Error 2


